1566227254	1718	cache	C:/xampp/htdocs/wiki-default/data/cache/0/0a8d51e86cbdb4b5cba1c3eec84c8387.repo
1566227254	131242	cache	C:/xampp/htdocs/wiki-default/data/cache/0/0a559c08ca786dffd580d3fb43bf72d8.js
1566227254	36052	cache	C:/xampp/htdocs/wiki-default/data/cache/0/0a559c08ca786dffd580d3fb43bf72d8.js.gz
1566227254	1078	cache	C:/xampp/htdocs/wiki-default/data/cache/0/0aa0e29d36847eb9c8e4477fbde87438.repo
1566227254	924	cache	C:/xampp/htdocs/wiki-default/data/cache/0/0b0675571669dd255406ca057870582c.repo
1566227254	1830	cache	C:/xampp/htdocs/wiki-default/data/cache/0/0b625df7d0c3f073e71a4d80b7800379.repo
1566227254	1453	cache	C:/xampp/htdocs/wiki-default/data/cache/0/0b41944b010e1daa93492a80c8bb1265.repo
1566227254	2180	cache	C:/xampp/htdocs/wiki-default/data/cache/0/0bf780a1c899fa0be24e9208fc5b739e.repo
1566227254	1063	cache	C:/xampp/htdocs/wiki-default/data/cache/0/0c6fb54a4c98fe8760b743e7d25b6bf0.repo
1566227254	1459	cache	C:/xampp/htdocs/wiki-default/data/cache/0/0dc9fcbbadae8cc663469e02df592ab4.repo
1566227254	1173	cache	C:/xampp/htdocs/wiki-default/data/cache/0/0e51ee3b8aafbd6a2907f716c65b121c.repo
1566227254	1564	cache	C:/xampp/htdocs/wiki-default/data/cache/0/0ea428034a188fe5712a4e561c9d62ad.repo
1566227254	976	cache	C:/xampp/htdocs/wiki-default/data/cache/0/0f43e327ef16d35c1342a8351c3ac07a.repo
1566227254	1961	cache	C:/xampp/htdocs/wiki-default/data/cache/0/00a455003125e0c780ab709fda1fefd7.repo
1566227254	1340	cache	C:/xampp/htdocs/wiki-default/data/cache/0/00f7c12327db5fff0ac42e407d7c700a.repo
1566227254	972	cache	C:/xampp/htdocs/wiki-default/data/cache/0/018cd5693fb640bba259145cfa23cee8.repo
1566227254	588	cache	C:/xampp/htdocs/wiki-default/data/cache/0/02b72c01c587aebcf109a69dbe92f3a4.i
1566227254	219	cache	C:/xampp/htdocs/wiki-default/data/cache/0/02b72c01c587aebcf109a69dbe92f3a4.xhtml
1566227254	952	cache	C:/xampp/htdocs/wiki-default/data/cache/0/02192f9c0cea1a9d8e2760bd7d39fb15.repo
1566227254	1876	cache	C:/xampp/htdocs/wiki-default/data/cache/0/03e1da172812c3e31cd6fcfc70ddbfb9.repo
1566227254	1339	cache	C:/xampp/htdocs/wiki-default/data/cache/0/047f7a54fef9e20407461f80233cbba4.repo
1566227254	1907	cache	C:/xampp/htdocs/wiki-default/data/cache/0/0481204cc7d72da10ea4fd19f235de99.repo
1566227254	1143	cache	C:/xampp/htdocs/wiki-default/data/cache/0/05b4567f61825a2de036b31fa1672832.repo
1566227254	1450	cache	C:/xampp/htdocs/wiki-default/data/cache/0/056918c0513fed5e55775e36f34ce45e.repo
1566227254	1725	cache	C:/xampp/htdocs/wiki-default/data/cache/0/0587e3a7eeb73caed0228230fdd261b5.repo
1566227254	862	cache	C:/xampp/htdocs/wiki-default/data/cache/0/06f1c8b494d6dee1ac2ebb51cdf82481.repo
1566227254	1378	cache	C:/xampp/htdocs/wiki-default/data/cache/0/062453b851c556516bff1b7e3a8d5c40.repo
1566227254	788	cache	C:/xampp/htdocs/wiki-default/data/cache/0/07aadb88c5c9783e3e262d65c236e850.repo
1566227254	916	cache	C:/xampp/htdocs/wiki-default/data/cache/0/075af745b5f1d6a0ab5e2fbf3362e172.repo
1566227254	1478	cache	C:/xampp/htdocs/wiki-default/data/cache/0/078ff0f0c0de21239a0c005864a63187.repo
1566227254	1398	cache	C:/xampp/htdocs/wiki-default/data/cache/0/084e14e69c7caf1188022874707efd6b.repo
1566227254	1261	cache	C:/xampp/htdocs/wiki-default/data/cache/0/0945e9261056ae614f891f27ab0b6625.repo
1566227254	735	cache	C:/xampp/htdocs/wiki-default/data/cache/0/0961bd41eec637e16b6eaac9bc0caeb4.repo
1566227254	1208	cache	C:/xampp/htdocs/wiki-default/data/cache/1/1bc2747f4ea0c7e664f68723a626415f.repo
1566227254	979	cache	C:/xampp/htdocs/wiki-default/data/cache/1/1bca2b02f6bcce8d37e28c6d1ca025c0.repo
1566227254	1932	cache	C:/xampp/htdocs/wiki-default/data/cache/1/1bdf04f6fcb8b1786f664608662826c0.repo
1566227254	821	cache	C:/xampp/htdocs/wiki-default/data/cache/1/1c7f9907d45662944189027bbe549aec.repo
1566227254	870	cache	C:/xampp/htdocs/wiki-default/data/cache/1/1ce0603a534e8ccc96b3f745e9ecf6fb.repo
1566227254	1129	cache	C:/xampp/htdocs/wiki-default/data/cache/1/1d7b423f79a73abfc4b3ed55e5c6ac9f.repo
1566227254	1418	cache	C:/xampp/htdocs/wiki-default/data/cache/1/1e0eae499e79e5d69e4e2fcb8e595001.repo
1566227254	1870	cache	C:/xampp/htdocs/wiki-default/data/cache/1/1e88f652acbef52573aa41e3fb665dc8.repo
1566227254	1039	cache	C:/xampp/htdocs/wiki-default/data/cache/1/1f71860d0c0f3ccd70c779d98b7e0605.repo
1566227254	1350	cache	C:/xampp/htdocs/wiki-default/data/cache/1/1fb92d4e664762b2579314a1db3e693b.repo
1566227254	1714	cache	C:/xampp/htdocs/wiki-default/data/cache/1/14c0c80daab94860202c0e74ea7abadf.repo
1566227254	1469	cache	C:/xampp/htdocs/wiki-default/data/cache/1/14f7780ba2645393da16c34eca003e4c.repo
1566227254	1431	cache	C:/xampp/htdocs/wiki-default/data/cache/1/15f6f671fdf0efdcd32d85ee608e3844.repo
1566227254	1125	cache	C:/xampp/htdocs/wiki-default/data/cache/1/18bc9cb6df893f537942bfb904f63001.repo
1566227254	821	cache	C:/xampp/htdocs/wiki-default/data/cache/1/19aaef39ee524a412c542a8087634c90.repo
1566227254	1748	cache	C:/xampp/htdocs/wiki-default/data/cache/1/116a7577274ac7166216648962acbb58.repo
1566227254	1847	cache	C:/xampp/htdocs/wiki-default/data/cache/1/129d6dd34bcb8e90107008a6cc60c936.repo
1566227254	858	cache	C:/xampp/htdocs/wiki-default/data/cache/1/150c049d57e308f75267b8fa535f1d59.repo
1566227254	517143	cache	C:/xampp/htdocs/wiki-default/data/cache/1/171c6e1b2a85014c945939e2989f253d.js
1566227254	130986	cache	C:/xampp/htdocs/wiki-default/data/cache/1/171c6e1b2a85014c945939e2989f253d.js.gz
1566227254	1374	cache	C:/xampp/htdocs/wiki-default/data/cache/1/179da81a12fcb65c3118bc84a4ab830d.repo
1566227254	1152	cache	C:/xampp/htdocs/wiki-default/data/cache/1/12137ac319e0dc74dcddb5204d8bd70b.repo
1566227254	1705	cache	C:/xampp/htdocs/wiki-default/data/cache/1/14775b051cc9b0900f3e8ad7a0e28bb9.repo
1566227254	1623	cache	C:/xampp/htdocs/wiki-default/data/cache/1/168095e9fb530b431103301a08efadd2.repo
1566227254	2221	cache	C:/xampp/htdocs/wiki-default/data/cache/1/1523341bf219c43cd5966cfe2184518b.repo
1566227254	1216	cache	C:/xampp/htdocs/wiki-default/data/cache/1/1611489cb2ecd894445909d5721cdc9e.repo
1566227254	797	cache	C:/xampp/htdocs/wiki-default/data/cache/1/16590707e7a3a6599b92872120344c40.repo
1566227254	1141	cache	C:/xampp/htdocs/wiki-default/data/cache/2/2b4d9b2a4eab0793faf8bd65d3744356.repo
1566227254	1328	cache	C:/xampp/htdocs/wiki-default/data/cache/2/2b8290ed25e80b9e24c9a5a55aa2f978.repo
1566227254	2448	cache	C:/xampp/htdocs/wiki-default/data/cache/2/2ba42e202adda2273bd01af680c27f3a.i
1566227254	10	cache	C:/xampp/htdocs/wiki-default/data/cache/2/2ba42e202adda2273bd01af680c27f3a.metadata
1566227254	1613	cache	C:/xampp/htdocs/wiki-default/data/cache/2/2ba42e202adda2273bd01af680c27f3a.xhtml
1566227254	107746	cache	C:/xampp/htdocs/wiki-default/data/cache/2/2c642551aaeba292ca473fa889435bc7.i
1566227254	10	cache	C:/xampp/htdocs/wiki-default/data/cache/2/2c642551aaeba292ca473fa889435bc7.metadata
1566227254	1092	cache	C:/xampp/htdocs/wiki-default/data/cache/2/2cecb5eedc24d47ce20084232d88ffa5.repo
1566227254	1018	cache	C:/xampp/htdocs/wiki-default/data/cache/2/2d37f53953880cab444f87fb059e3bb2.repo
1566227254	2183	cache	C:/xampp/htdocs/wiki-default/data/cache/2/2dae3825bb68140e5e8375649e5ae8b0.repo
1566227254	132048	cache	C:/xampp/htdocs/wiki-default/data/cache/2/2f2318c876c0496d496c0bb8eee61724.js
1566227254	36254	cache	C:/xampp/htdocs/wiki-default/data/cache/2/2f2318c876c0496d496c0bb8eee61724.js.gz
1566227254	982	cache	C:/xampp/htdocs/wiki-default/data/cache/2/22c1555e6c7dabce4df877f29ab9f89c.repo
1566227254	931	cache	C:/xampp/htdocs/wiki-default/data/cache/2/23b8cb5e47e845f90d290ce1bea592b6.repo
1566227254	1105	cache	C:/xampp/htdocs/wiki-default/data/cache/2/23b2455e339dc4d4270a7b606c746398.repo
1566227254	2454	cache	C:/xampp/htdocs/wiki-default/data/cache/2/25afc5c822dd4c65dba62ad66d7fd786.i
1566227254	10	cache	C:/xampp/htdocs/wiki-default/data/cache/2/25afc5c822dd4c65dba62ad66d7fd786.metadata
1566227254	1631	cache	C:/xampp/htdocs/wiki-default/data/cache/2/25afc5c822dd4c65dba62ad66d7fd786.xhtml
1566227254	1494	cache	C:/xampp/htdocs/wiki-default/data/cache/2/26ac2eba39066d438474a59fee780624.repo
1566227254	867	cache	C:/xampp/htdocs/wiki-default/data/cache/2/26bc360b0f1aaadf9894584d9ad52713.repo
1566227254	2	cache	C:/xampp/htdocs/wiki-default/data/cache/2/27bd1307ff5a4481bc8505dd1b05a941.repo
1566227254	307	cache	C:/xampp/htdocs/wiki-default/data/cache/2/29b044e2f202bf6e85fbd28506a098c3.i
1566227254	83	cache	C:/xampp/htdocs/wiki-default/data/cache/2/29b044e2f202bf6e85fbd28506a098c3.xhtml
1566227254	1205	cache	C:/xampp/htdocs/wiki-default/data/cache/2/244ec621836d043100543d4ae58c900f.repo
1566227254	921	cache	C:/xampp/htdocs/wiki-default/data/cache/2/259a866e689091638e28be1baaad6ca5.repo
1566227254	1767	cache	C:/xampp/htdocs/wiki-default/data/cache/2/260ad8d1539aacd108d4efde8db24d21.repo
1566227254	908	cache	C:/xampp/htdocs/wiki-default/data/cache/2/2245b71dcd110e49b299eb9f175fd75d.repo
1566227254	1176	cache	C:/xampp/htdocs/wiki-default/data/cache/2/2475c1d05c7adb9258b15f583738c80f.repo
1566227254	1533	cache	C:/xampp/htdocs/wiki-default/data/cache/2/2805af7a78bf239dbfc8bfe3d3e75744.repo
1566227254	1293	cache	C:/xampp/htdocs/wiki-default/data/cache/2/2823ded96c7d343844e49252e62b7c11.repo
1566227254	1636	cache	C:/xampp/htdocs/wiki-default/data/cache/2/2965b19138221d16f81412ae1db74ad7.repo
1566227254	982	cache	C:/xampp/htdocs/wiki-default/data/cache/2/24465cbfb20e99b8bb7ebcf2b1353104.repo
1566227254	1506	cache	C:/xampp/htdocs/wiki-default/data/cache/2/284440e12e33e74540117fa731fbe080.repo
1566227254	1527	cache	C:/xampp/htdocs/wiki-default/data/cache/2/2979718d5fcb0edf580e2f7b36798644.repo
1566227254	2	cache	C:/xampp/htdocs/wiki-default/data/cache/2/21567405a4a46d2d77602a6db0cd1893.repo
1566227254	1168	cache	C:/xampp/htdocs/wiki-default/data/cache/3/3a7e56a8ab3483704b9664f9738d317b.repo
1566227254	830	cache	C:/xampp/htdocs/wiki-default/data/cache/3/3ac32051901d1f10ba0793842cefd0e7.repo
1566227254	2276	cache	C:/xampp/htdocs/wiki-default/data/cache/3/3ba172368a2a4f9f5490c52b740c6037.repo
1566227254	1710	cache	C:/xampp/htdocs/wiki-default/data/cache/3/3bcc8ac359a9d191318cb12a0e45b479.repo
1566227254	1094	cache	C:/xampp/htdocs/wiki-default/data/cache/3/3bcf026bc3349d2fcf066632a015ac09.repo
1566227254	1334	cache	C:/xampp/htdocs/wiki-default/data/cache/3/3c3636b2ed38b49d0fe1434d8a140579.repo
1566227254	875	cache	C:/xampp/htdocs/wiki-default/data/cache/3/3ec82c84eb746e3cc51567f849e96f0a.repo
1566227254	761	cache	C:/xampp/htdocs/wiki-default/data/cache/3/30a99495e2f7ec3c7dd17d0b1e26a6db.repo
1566227254	1659	cache	C:/xampp/htdocs/wiki-default/data/cache/3/31ccc50fabf090bc1abf6cece0a5391a.i
1566227254	462	cache	C:/xampp/htdocs/wiki-default/data/cache/3/31ccc50fabf090bc1abf6cece0a5391a.xhtml
1566227254	492	cache	C:/xampp/htdocs/wiki-default/data/cache/3/32a9c851296f8101c87e15bb7a1052c4.i
1566227254	169	cache	C:/xampp/htdocs/wiki-default/data/cache/3/32a9c851296f8101c87e15bb7a1052c4.xhtml
1566227254	1164	cache	C:/xampp/htdocs/wiki-default/data/cache/3/33b839c198f6f63e1f66fe9e6e538dd7.repo
1566227254	514	cache	C:/xampp/htdocs/wiki-default/data/cache/3/36dc01798148eebf82d1bed4da85cc2e.i
1566227254	165	cache	C:/xampp/htdocs/wiki-default/data/cache/3/36dc01798148eebf82d1bed4da85cc2e.xhtml
1566227254	1532	cache	C:/xampp/htdocs/wiki-default/data/cache/3/38f14de7e3dd6eb938c16be332980cc3.i
1566227254	10	cache	C:/xampp/htdocs/wiki-default/data/cache/3/38f14de7e3dd6eb938c16be332980cc3.metadata
1566227254	837	cache	C:/xampp/htdocs/wiki-default/data/cache/3/38f14de7e3dd6eb938c16be332980cc3.xhtml
1566227254	894	cache	C:/xampp/htdocs/wiki-default/data/cache/3/321e4160bda4700a9c2478d55191cab8.repo
1566227254	1203	cache	C:/xampp/htdocs/wiki-default/data/cache/3/340a2eb9a3f4a5e53198e21c0e09c94a.repo
1566227254	1636	cache	C:/xampp/htdocs/wiki-default/data/cache/3/345fab14af40cc2886ca143dace91fb8.repo
1566227254	1124	cache	C:/xampp/htdocs/wiki-default/data/cache/3/395ccd769541004f7ac47aaffc4fe06b.repo
1566227254	1106	cache	C:/xampp/htdocs/wiki-default/data/cache/3/3367ebba5b7bc6db638b374e5992b31a.repo
1566227254	1071	cache	C:/xampp/htdocs/wiki-default/data/cache/3/3478cdd939b3f85e889345fbe439ef32.repo
1566227254	961	cache	C:/xampp/htdocs/wiki-default/data/cache/3/30037c6ab9cb40777b111d6eb1b27bf3.repo
1566227254	1822	cache	C:/xampp/htdocs/wiki-default/data/cache/3/336167d7f3c086508b84388190f5bc39.repo
1566227254	968	cache	C:/xampp/htdocs/wiki-default/data/cache/3/341030c7aec7b8135476aa34af69d9bd.repo
1566227254	1265	cache	C:/xampp/htdocs/wiki-default/data/cache/3/399686480fa05bb61f7de3ae7e3eea61.repo
1566227254	1626	cache	C:/xampp/htdocs/wiki-default/data/cache/4/4ae69dcd6379534f742c16e3ce96a823.repo
1566227254	1753	cache	C:/xampp/htdocs/wiki-default/data/cache/4/4b8dee98ca7fc840f586eaf082e4377b.repo
1566227254	966	cache	C:/xampp/htdocs/wiki-default/data/cache/4/4c09d2b11834ac12a76b7d3256b04665.repo
1566227254	2138	cache	C:/xampp/htdocs/wiki-default/data/cache/4/4d6a5e15cc20d98f15658b39e41a438d.repo
1566227254	1218	cache	C:/xampp/htdocs/wiki-default/data/cache/4/4e05d9f660e24ec0f778800f8983d293.repo
1566227254	1164	cache	C:/xampp/htdocs/wiki-default/data/cache/4/4e9abc25e039c65a3811134fd13aea32.repo
1566227254	1929	cache	C:/xampp/htdocs/wiki-default/data/cache/4/4f54837436131ed237e83455e11e741f.repo
1566227254	2282	cache	C:/xampp/htdocs/wiki-default/data/cache/4/41d0c7dc9c492dda0cce4fb8c4bcbcff.repo
1566227254	1273	cache	C:/xampp/htdocs/wiki-default/data/cache/4/41e68fb76e73f7b7bc853d42b1d9273e.repo
1566227254	2364	cache	C:/xampp/htdocs/wiki-default/data/cache/4/43e05fdabb28fcb9bb45fc2a4704b9f6.repo
1566227254	1652	cache	C:/xampp/htdocs/wiki-default/data/cache/4/44a1763dc189fd5e7a47854e8189e63b.repo
1566227254	1036	cache	C:/xampp/htdocs/wiki-default/data/cache/4/438e5afc00b7303fcd419f9477b1edbc.repo
1566227254	1130	cache	C:/xampp/htdocs/wiki-default/data/cache/4/480c1b48a078a685663854c305eba1fe.repo
1566227254	1705	cache	C:/xampp/htdocs/wiki-default/data/cache/4/4061bca0fa2af60b739b27ea5b57a552.repo
1566227254	879	cache	C:/xampp/htdocs/wiki-default/data/cache/4/4327a0a83af48fdb258c9712fcdca4e7.repo
1566227254	969	cache	C:/xampp/htdocs/wiki-default/data/cache/4/46294d916964b0b50ccba21e119d4ac5.repo
1566227254	846	cache	C:/xampp/htdocs/wiki-default/data/cache/4/434660e9656a87c5c8460d4d638d2b5a.repo
1566227254	1192	cache	C:/xampp/htdocs/wiki-default/data/cache/4/45862973acde31cce07b37363965aa3c.repo
1566227254	797	cache	C:/xampp/htdocs/wiki-default/data/cache/5/5a763fc03cde0c071a74d10469052728.repo
1566227254	1378	cache	C:/xampp/htdocs/wiki-default/data/cache/5/5ac0052b76e4166b361dd048d0c83e76.repo
1566227254	826	cache	C:/xampp/htdocs/wiki-default/data/cache/5/5b5abd5579140fe0524a8f256d76c657.repo
1566227254	1036	cache	C:/xampp/htdocs/wiki-default/data/cache/5/5c0acadd82123e29b9d6354282258524.repo
1566227254	1995	cache	C:/xampp/htdocs/wiki-default/data/cache/5/5c8c3c8ce8e96be014b0cc207b60185c.repo
1566227254	3054	cache	C:/xampp/htdocs/wiki-default/data/cache/5/5c8380755b860954236ff5213a2bccf3.repo
1566227254	2308	cache	C:/xampp/htdocs/wiki-default/data/cache/5/5cc93bb3d1013498fc7584d98c18f8d9.repo
1566227254	1461	cache	C:/xampp/htdocs/wiki-default/data/cache/5/5ce411f2efe807f4c0fdeb09316a27ce.repo
1566227254	1255	cache	C:/xampp/htdocs/wiki-default/data/cache/5/5cf2f722344d8bef72c9845be71dbc36.repo
1566227254	916	cache	C:/xampp/htdocs/wiki-default/data/cache/5/5d4b6f29ac62ec1471bf112b169521b5.i
1566227254	387	cache	C:/xampp/htdocs/wiki-default/data/cache/5/5d4b6f29ac62ec1471bf112b169521b5.xhtml
1566227254	1238	cache	C:/xampp/htdocs/wiki-default/data/cache/5/5d26536d14f241bb0eba84c94258b113.repo
1566227254	1845	cache	C:/xampp/htdocs/wiki-default/data/cache/5/5e9d8e3aea62be839011484c36a1a615.repo
1566227254	851	cache	C:/xampp/htdocs/wiki-default/data/cache/5/5fe339fd12c7d913cd3c6779280aab90.repo
1566227254	858	cache	C:/xampp/htdocs/wiki-default/data/cache/5/50f5645851c6c428431bb5259507a9fc.repo
1566227254	1491	cache	C:/xampp/htdocs/wiki-default/data/cache/5/51f1990c951f7f59a9db42f760592256.repo
1566227254	6213	cache	C:/xampp/htdocs/wiki-default/data/cache/5/53a7ae1d0b8a87253e182b86141a9ae8.i
1566227254	10	cache	C:/xampp/htdocs/wiki-default/data/cache/5/53a7ae1d0b8a87253e182b86141a9ae8.metadata
1566227254	4192	cache	C:/xampp/htdocs/wiki-default/data/cache/5/53a7ae1d0b8a87253e182b86141a9ae8.xhtml
1566227254	1026	cache	C:/xampp/htdocs/wiki-default/data/cache/5/53b80561274593b5ca92018cd8e6e7ab.repo
1566227254	508240	cache	C:/xampp/htdocs/wiki-default/data/cache/5/59e4e655d19bae9826f14370bca23e58.js
1566227254	128953	cache	C:/xampp/htdocs/wiki-default/data/cache/5/59e4e655d19bae9826f14370bca23e58.js.gz
1566227254	1260	cache	C:/xampp/htdocs/wiki-default/data/cache/5/545ae04b2c3f62554b7552b94a259dca.repo
1566227254	776	cache	C:/xampp/htdocs/wiki-default/data/cache/5/570ca6c6f500022c4f8eb8e6aacae935.repo
1566227254	1841	cache	C:/xampp/htdocs/wiki-default/data/cache/5/5107aa8150ae2ccef001f1fdfb566be5.repo
1566227254	2074	cache	C:/xampp/htdocs/wiki-default/data/cache/5/5207f995986f896a15cb71f14a4ab741.repo
1566227254	1320	cache	C:/xampp/htdocs/wiki-default/data/cache/5/525560c7381f64ea2dd6aea103220584.repo
1566227254	1757	cache	C:/xampp/htdocs/wiki-default/data/cache/5/545772dee981e77d4570b2a25817b1d5.repo
1566227254	817	cache	C:/xampp/htdocs/wiki-default/data/cache/5/5336191fa171650ef3a376c74b3a136f.repo
1566227254	950	cache	C:/xampp/htdocs/wiki-default/data/cache/5/5844245761a12456872042cc78e3027d.repo
1566227254	971	cache	C:/xampp/htdocs/wiki-default/data/cache/6/6b1a463d806434543409ed444b4207f2.repo
1566227254	1712	cache	C:/xampp/htdocs/wiki-default/data/cache/6/6b4bb51866493c58b59ddaebd5456ec5.repo
1566227254	1002	cache	C:/xampp/htdocs/wiki-default/data/cache/6/6cc990bf7ea07a9c068ee3e33adb65bc.repo
1566227254	945	cache	C:/xampp/htdocs/wiki-default/data/cache/6/6d39b7f2cf25489b438121050a470ed4.repo
1566227254	946	cache	C:/xampp/htdocs/wiki-default/data/cache/6/6ecfe4aba4289b0745c253e3d87ab3da.repo
1566227254	809	cache	C:/xampp/htdocs/wiki-default/data/cache/6/6efdaad2ac68c357b85af8aa8f2e4608.repo
1566227254	1577	cache	C:/xampp/htdocs/wiki-default/data/cache/6/6f4161cd53c3411efae940fe6dd30978.repo
1566227254	1593	cache	C:/xampp/htdocs/wiki-default/data/cache/6/64f72c4a886ee87d46d10607425fc67d.repo
1566227254	1301	cache	C:/xampp/htdocs/wiki-default/data/cache/6/65ebf3286903ab80190c430b556ef099.repo
1566227254	1590	cache	C:/xampp/htdocs/wiki-default/data/cache/6/66a983ac66b9aa9a642bc9a5994cb088.repo
1566227254	1153	cache	C:/xampp/htdocs/wiki-default/data/cache/6/69b653c8779fa1988528fef845665332.repo
1566227254	864	cache	C:/xampp/htdocs/wiki-default/data/cache/6/69c653b3df3dc55ec19b8c6cb6d692ae.repo
1566227254	1240	cache	C:/xampp/htdocs/wiki-default/data/cache/6/69dfcdf7710ff62f9744da311908d29b.repo
1566227254	1167	cache	C:/xampp/htdocs/wiki-default/data/cache/6/652b928328280f82c25d86219b387de1.repo
1566227254	763	cache	C:/xampp/htdocs/wiki-default/data/cache/6/662abf3ecc92e90951404724064dd8cf.repo
1566227254	738	cache	C:/xampp/htdocs/wiki-default/data/cache/6/667ac8f675a82d2877242ec7cac81eb0.repo
1566227254	1727	cache	C:/xampp/htdocs/wiki-default/data/cache/6/681f689939815c661f786b0b10440272.repo
1566227254	1717	cache	C:/xampp/htdocs/wiki-default/data/cache/6/690f4fc1235f8c90f2144ba963b93572.repo
1566227254	1462	cache	C:/xampp/htdocs/wiki-default/data/cache/6/64957e020ad80afa53c395c419bcc52e.repo
1566227254	1176	cache	C:/xampp/htdocs/wiki-default/data/cache/6/6637810fa87140f6639dea8740b9bef3.repo
1566227254	1077	cache	C:/xampp/htdocs/wiki-default/data/cache/7/7abdd96cb42d628bbd73c8d45bb88b0a.repo
1566227254	1499	cache	C:/xampp/htdocs/wiki-default/data/cache/7/7b4e8690fa2aba7f5de48b93c8349b52.repo
1566227254	1742	cache	C:/xampp/htdocs/wiki-default/data/cache/7/7b770972d9fda56071bdd921bdf064ea.repo
1566227254	1755	cache	C:/xampp/htdocs/wiki-default/data/cache/7/7d525c86b977921ad954946b1e3f1a11.repo
1566227254	1346	cache	C:/xampp/htdocs/wiki-default/data/cache/7/7dc420919b93c4d9ce7f2bd2013304cb.repo
1566227254	1292	cache	C:/xampp/htdocs/wiki-default/data/cache/7/7e13b787d77c51a414b3694f5521cc38.repo
1566227254	1282	cache	C:/xampp/htdocs/wiki-default/data/cache/7/7ec15552d6b775a3998ef2f2c2c9e840.repo
1566227254	1737	cache	C:/xampp/htdocs/wiki-default/data/cache/7/7f6c00ce584361e1c5ad18b0e13c7083.repo
1566227254	802	cache	C:/xampp/htdocs/wiki-default/data/cache/7/71b5963afdd3b7c0de3647abee7c7421.repo
1566227254	1062	cache	C:/xampp/htdocs/wiki-default/data/cache/7/71c838590a559b5f1ab5f321c5df862e.repo
1566227254	1043	cache	C:/xampp/htdocs/wiki-default/data/cache/7/73af4393f7cb32a5232c5337ee69f14f.repo
1566227254	1042	cache	C:/xampp/htdocs/wiki-default/data/cache/7/73c652a339ffb149477a54b50a464f9b.repo
1566227254	1849	cache	C:/xampp/htdocs/wiki-default/data/cache/7/74cb90ac14dfe288f4a88f42ee689159.repo
1566227254	1565	cache	C:/xampp/htdocs/wiki-default/data/cache/7/74d8f9287e2602eda04148b847d50bbe.repo
1566227254	1446	cache	C:/xampp/htdocs/wiki-default/data/cache/7/75fa3e39f962a758a078bcaf6f0abe37.i
1566227254	595	cache	C:/xampp/htdocs/wiki-default/data/cache/7/75fa3e39f962a758a078bcaf6f0abe37.xhtml
1566227254	1061	cache	C:/xampp/htdocs/wiki-default/data/cache/7/76d7c5334efbee941c9dd40001202834.repo
1566227254	1299	cache	C:/xampp/htdocs/wiki-default/data/cache/7/76d7f62be8b5f83d6c17e7cf678fe3bc.repo
1566227254	1117	cache	C:/xampp/htdocs/wiki-default/data/cache/7/79ad0e6384c3c65deba08e3bed97eced.repo
1566227254	854	cache	C:/xampp/htdocs/wiki-default/data/cache/7/709db6adc91073c6f391f1ec080b434a.repo
1566227254	1099	cache	C:/xampp/htdocs/wiki-default/data/cache/7/778fbd3c31b88f42afbb8a0cb5952a7d.repo
1566227254	1583	cache	C:/xampp/htdocs/wiki-default/data/cache/7/72820cf641d39bf808f2d19bbb0a5d32.repo
1566227254	850	cache	C:/xampp/htdocs/wiki-default/data/cache/7/78037cc96b0b167c165e795ab16e9ca1.i
1566227254	282	cache	C:/xampp/htdocs/wiki-default/data/cache/7/78037cc96b0b167c165e795ab16e9ca1.xhtml
1566227254	1438	cache	C:/xampp/htdocs/wiki-default/data/cache/7/751602cd1d8a6306cdee6993e09ca432.repo
1566227254	1603	cache	C:/xampp/htdocs/wiki-default/data/cache/7/787630a5bdefa5b49d4bb17946598621.repo
1566227254	308	cache	C:/xampp/htdocs/wiki-default/data/cache/7/7725773e5e4839bb541722895bd28f7e.i
1566227254	85	cache	C:/xampp/htdocs/wiki-default/data/cache/7/7725773e5e4839bb541722895bd28f7e.xhtml
1566227254	1688	cache	C:/xampp/htdocs/wiki-default/data/cache/7/7698867507feb43e77165a6a136245c6.repo
1566227254	1836	cache	C:/xampp/htdocs/wiki-default/data/cache/7/70713788863bf2ee3126b3a3087b7ded.repo
1566227254	1176	cache	C:/xampp/htdocs/wiki-default/data/cache/7/71051499371521f82eee02dc1ab78fa2.repo
1566227254	1223	cache	C:/xampp/htdocs/wiki-default/data/cache/8/8a4219c9f280edd30b525b9c732e615f.repo
1566227254	1152	cache	C:/xampp/htdocs/wiki-default/data/cache/8/8a85676c93bc7923cf5061fd3a3a2b65.repo
1566227254	1047	cache	C:/xampp/htdocs/wiki-default/data/cache/8/8b6fa99dc798c8caaf3b097e0934391a.repo
1566227254	1277	cache	C:/xampp/htdocs/wiki-default/data/cache/8/8cd56838159022af9ec67ae1f57455c7.repo
1566227254	1807	cache	C:/xampp/htdocs/wiki-default/data/cache/8/8d411c93a2a72e952141fb5ed96399c7.repo
1566227254	1054	cache	C:/xampp/htdocs/wiki-default/data/cache/8/8dd4b9a27937118ca8fdec374e247023.repo
1566227254	1095	cache	C:/xampp/htdocs/wiki-default/data/cache/8/8f647e1d494d2e5802f73dee93fa4e43.repo
1566227254	1746	cache	C:/xampp/htdocs/wiki-default/data/cache/8/80bf53fa34cc6af907a71e682f39239d.repo
1566227254	998	cache	C:/xampp/htdocs/wiki-default/data/cache/8/81c5813618b00dfa7c5bc66a627dcf73.repo
1566227254	1274	cache	C:/xampp/htdocs/wiki-default/data/cache/8/81dd686c2041e3d49fc63da21a2d526d.repo
1566227254	1836	cache	C:/xampp/htdocs/wiki-default/data/cache/8/82ad6875502e3416a338de1322712f50.repo
1566227254	1626	cache	C:/xampp/htdocs/wiki-default/data/cache/8/83cd19bb0e5e56eb56367200184c0438.repo
1566227254	1006	cache	C:/xampp/htdocs/wiki-default/data/cache/8/84d52feffe3b595a441439bed4b247e1.repo
1566227254	1113	cache	C:/xampp/htdocs/wiki-default/data/cache/8/86f15ef9880ddde32f9dec80ea2bfaaa.repo
1566227254	884	cache	C:/xampp/htdocs/wiki-default/data/cache/8/87a791a541f694338509bd2e7c3c1215.repo
1566227254	1399	cache	C:/xampp/htdocs/wiki-default/data/cache/8/87cf663aab5f1e00b0e597528e0e38a9.repo
1566227254	1833	cache	C:/xampp/htdocs/wiki-default/data/cache/8/88ea5c1784b24bae3f1edf0b04514fcc.repo
1566227254	1360	cache	C:/xampp/htdocs/wiki-default/data/cache/8/89b48b8d2c09bad12bd7f4fa89775c58.repo
1566227254	573	cache	C:/xampp/htdocs/wiki-default/data/cache/8/882f0bb6303178ade253b241701c3f70.i
1566227254	226	cache	C:/xampp/htdocs/wiki-default/data/cache/8/882f0bb6303178ade253b241701c3f70.xhtml
1566227254	425	cache	C:/xampp/htdocs/wiki-default/data/cache/8/884b9aa9812ed7035cb7bad839e5d4ab.i
1566227254	176	cache	C:/xampp/htdocs/wiki-default/data/cache/8/884b9aa9812ed7035cb7bad839e5d4ab.xhtml
1566227254	901	cache	C:/xampp/htdocs/wiki-default/data/cache/8/889fd6e92949b614e3792c716ece75aa.repo
1566227254	1505	cache	C:/xampp/htdocs/wiki-default/data/cache/8/8821c9467d81ed5753736f58fe43dba6.repo
1566227254	1097	cache	C:/xampp/htdocs/wiki-default/data/cache/8/8913a948964cd9b878442107034c2fb4.repo
1566227254	968	cache	C:/xampp/htdocs/wiki-default/data/cache/8/8932d1318b9cf4855f62b9281a9f790e.repo
1566227254	1796	cache	C:/xampp/htdocs/wiki-default/data/cache/8/80856c2d9aa68588e80ef7f3d300d471.repo
1566227254	2460	cache	C:/xampp/htdocs/wiki-default/data/cache/8/84963ee54e79a3abecf3a776b4bf844e.i
1566227254	10	cache	C:/xampp/htdocs/wiki-default/data/cache/8/84963ee54e79a3abecf3a776b4bf844e.metadata
1566227254	1649	cache	C:/xampp/htdocs/wiki-default/data/cache/8/84963ee54e79a3abecf3a776b4bf844e.xhtml
1566227254	907	cache	C:/xampp/htdocs/wiki-default/data/cache/8/8959858a0ca842640d785d11cc7a18c8.repo
1566227254	1601	cache	C:/xampp/htdocs/wiki-default/data/cache/8/875014858e77aac36abd0d49048062fd.repo
1566227254	1033	cache	C:/xampp/htdocs/wiki-default/data/cache/9/9af4521648f3bf12db47ac6a81e416b9.repo
1566227254	1855	cache	C:/xampp/htdocs/wiki-default/data/cache/9/9b4fdc206a706390f791e45fac887178.repo
1566227254	1650	cache	C:/xampp/htdocs/wiki-default/data/cache/9/9ba4c1e702993af3f6b68d2ad9aae090.repo
1566227254	1134	cache	C:/xampp/htdocs/wiki-default/data/cache/9/9bffeaf100cbec7a085598fe0de88e8a.repo
1566227254	1219	cache	C:/xampp/htdocs/wiki-default/data/cache/9/9ca209a9253182177ac0c2df79403d8b.repo
1566227254	1512	cache	C:/xampp/htdocs/wiki-default/data/cache/9/9ceef4c6e144b6b4bea53ee1367f2035.repo
1566227254	484	cache	C:/xampp/htdocs/wiki-default/data/cache/9/9f362ca7a2c383b57921c06847ac2ae9.i
1566227254	240	cache	C:/xampp/htdocs/wiki-default/data/cache/9/9f362ca7a2c383b57921c06847ac2ae9.xhtml
1566227254	776	cache	C:/xampp/htdocs/wiki-default/data/cache/9/90b65f0757deb6741ce28debe22a3c36.repo
1566227254	3502	cache	C:/xampp/htdocs/wiki-default/data/cache/9/91dc47e7167840ac4e6df2bdb478f34f.xhtml
1566227254	1750	cache	C:/xampp/htdocs/wiki-default/data/cache/9/93be64f6d220df4c2f9a6bf986f79a5d.repo
1566227254	1438	cache	C:/xampp/htdocs/wiki-default/data/cache/9/94eaafb6771e90945add4785dfdaeb98.repo
1566227254	2065	cache	C:/xampp/htdocs/wiki-default/data/cache/9/96db4cd190effda012dfe0de3b5e7f9f.repo
1566227254	1151	cache	C:/xampp/htdocs/wiki-default/data/cache/9/97d0ff2d2bb3f94962d868e318c856d4.repo
1566227254	1296	cache	C:/xampp/htdocs/wiki-default/data/cache/9/97da8ed61732b1b9cd0aa84aface4fde.repo
1566227254	1805	cache	C:/xampp/htdocs/wiki-default/data/cache/9/98c831d60940f84ac54f4dcd503fb68a.repo
1566227254	1183	cache	C:/xampp/htdocs/wiki-default/data/cache/9/907a4947c6614e60afab0de8b5734b67.repo
1566227254	1102	cache	C:/xampp/htdocs/wiki-default/data/cache/9/907c729b504517e8b66a3612ffc1efff.repo
1566227254	1136	cache	C:/xampp/htdocs/wiki-default/data/cache/9/919b0968304bc3a3262fe3084869ad4e.repo
1566227254	1372	cache	C:/xampp/htdocs/wiki-default/data/cache/9/929aa394c765f34038a3f25c01ae060e.repo
1566227254	514941	cache	C:/xampp/htdocs/wiki-default/data/cache/9/9005ba6c731a60f284aef65b975cb988.js
1566227254	130656	cache	C:/xampp/htdocs/wiki-default/data/cache/9/9005ba6c731a60f284aef65b975cb988.js.gz
1566227254	984	cache	C:/xampp/htdocs/wiki-default/data/cache/9/9108d97cb9a4167cc4e9f698a341b822.repo
1566227254	1580	cache	C:/xampp/htdocs/wiki-default/data/cache/9/96477c1656d66177acf993184b742497.repo
1566227254	1713	cache	C:/xampp/htdocs/wiki-default/data/cache/9/973285a8015a568b6e3890fd92a54f1a.repo
1566227254	1084	cache	C:/xampp/htdocs/wiki-default/data/cache/9/9887743ba11208f60e9d09a848e8cf50.repo
1566227254	1927	cache	C:/xampp/htdocs/wiki-default/data/cache/a/a01207c37feb27cb070e71b9a47b3812.repo
1566227254	1116	cache	C:/xampp/htdocs/wiki-default/data/cache/a/a1b8ca79ccfd04d5caa54062d9ca6530.repo
1566227254	981	cache	C:/xampp/htdocs/wiki-default/data/cache/a/a2e9b4888e9eac3eb018ac0329492fa6.repo
1566227254	1363	cache	C:/xampp/htdocs/wiki-default/data/cache/a/a5c301ba7a56acec7bd976374bbb50d7.repo
1566227254	1793	cache	C:/xampp/htdocs/wiki-default/data/cache/a/a6ca4357482955ab0e9af4d031c940d7.repo
1566227254	1790	cache	C:/xampp/htdocs/wiki-default/data/cache/a/a7b249fa4831f8e6ebd68286626d4f30.repo
1566227254	949	cache	C:/xampp/htdocs/wiki-default/data/cache/a/a9c29059931418aa1f5b6433350884f8.repo
1566227254	1633	cache	C:/xampp/htdocs/wiki-default/data/cache/a/a17c88ee81327cdbc72b490c03d1f9c3.repo
1566227254	1293	cache	C:/xampp/htdocs/wiki-default/data/cache/a/a22a1abc0f1cd20877c369e6efe82af3.repo
1566227254	1749	cache	C:/xampp/htdocs/wiki-default/data/cache/a/a27c099ab8c80d4346de377d2232fef7.repo
1566227254	1273	cache	C:/xampp/htdocs/wiki-default/data/cache/a/a49dd1931fa9f38cb01e9a81129cfb51.repo
1566227254	1945	cache	C:/xampp/htdocs/wiki-default/data/cache/a/a381c427c1f1bb8e7f9f6338229a6aea.repo
1566227254	1569	cache	C:/xampp/htdocs/wiki-default/data/cache/a/a569d3833b6370a77c508dc87e5d2c46.repo
1566227254	1590	cache	C:/xampp/htdocs/wiki-default/data/cache/a/a876db14dbc3d5632b8ffe4c60185f24.repo
1566227254	1740	cache	C:/xampp/htdocs/wiki-default/data/cache/a/a903e377734781bb1c7aa562d04cb61b.repo
1566227254	1101	cache	C:/xampp/htdocs/wiki-default/data/cache/a/a41386c9523185547b948bab29f8724f.repo
1566227254	1117	cache	C:/xampp/htdocs/wiki-default/data/cache/a/a56075a908aad4b0d221927c98d0cdf9.repo
1566227254	951	cache	C:/xampp/htdocs/wiki-default/data/cache/a/a887407e2992964ce1826f5d4fade8bc.repo
1566227254	1491	cache	C:/xampp/htdocs/wiki-default/data/cache/a/a4046621deb27cbdaed61470970ae1a0.repo
1566227254	970	cache	C:/xampp/htdocs/wiki-default/data/cache/a/a4774976da87d6556f90618fdd238326.repo
1566227254	762	cache	C:/xampp/htdocs/wiki-default/data/cache/a/aa34a6f57beddd7b763e990ea72ce3b4.i
1566227254	191	cache	C:/xampp/htdocs/wiki-default/data/cache/a/aa34a6f57beddd7b763e990ea72ce3b4.xhtml
1566227254	1007	cache	C:/xampp/htdocs/wiki-default/data/cache/a/ab1442a6557b352780e793606cffc7cc.repo
1566227254	131816	cache	C:/xampp/htdocs/wiki-default/data/cache/a/ac9d324b5c6daffc54e9109d07780781.js
1566227254	36212	cache	C:/xampp/htdocs/wiki-default/data/cache/a/ac9d324b5c6daffc54e9109d07780781.js.gz
1566227254	1133	cache	C:/xampp/htdocs/wiki-default/data/cache/a/accc140e260879e849dbec1e0819769e.repo
1566227254	1341	cache	C:/xampp/htdocs/wiki-default/data/cache/a/ad28fffaad4eff235c5e939bb751a9c6.repo
1566227254	1043	cache	C:/xampp/htdocs/wiki-default/data/cache/a/ad73bbda7f72457b182daf97cf7fae35.repo
1566227254	820	cache	C:/xampp/htdocs/wiki-default/data/cache/a/ad7659bd1131e85434e67d9d0d4d39b6.repo
1566227254	167089	cache	C:/xampp/htdocs/wiki-default/data/cache/a/adce57d1522974c3d86e6ac895bc064d.css
1566227254	39718	cache	C:/xampp/htdocs/wiki-default/data/cache/a/adce57d1522974c3d86e6ac895bc064d.css.gz
1566227254	1811	cache	C:/xampp/htdocs/wiki-default/data/cache/b/b1a715e1af02358f4feb71d45fe74e99.repo
1566227254	1737	cache	C:/xampp/htdocs/wiki-default/data/cache/b/b3abd3ca3fbe50009be720175f76d490.repo
1566227254	1833	cache	C:/xampp/htdocs/wiki-default/data/cache/b/b3b1fbae4965b23700a67c84f7be245b.repo
1566227254	1573	cache	C:/xampp/htdocs/wiki-default/data/cache/b/b4c8df41078143c17c72772463a7d649.repo
1566227254	1192	cache	C:/xampp/htdocs/wiki-default/data/cache/b/b4ca341945239061da30a0b05326c7f6.i
1566227254	447	cache	C:/xampp/htdocs/wiki-default/data/cache/b/b4ca341945239061da30a0b05326c7f6.xhtml
1566227254	1020	cache	C:/xampp/htdocs/wiki-default/data/cache/b/b5bd6eaa09f1c1a4b9cb0a763326a12b.repo
1566227254	1990	cache	C:/xampp/htdocs/wiki-default/data/cache/b/b8a29ef5f03d87d58aa92c70e2c8b7d1.repo
1566227254	2021	cache	C:/xampp/htdocs/wiki-default/data/cache/b/b8bb72134ec3a1682c033e872e714556.repo
1566227254	1524	cache	C:/xampp/htdocs/wiki-default/data/cache/b/b9f33cead8a89bf5734f1562f25333f9.repo
1566227254	147585	cache	C:/xampp/htdocs/wiki-default/data/cache/b/b28a6ca9371c9b7ffbb6d49c15b77932.css
1566227254	35941	cache	C:/xampp/htdocs/wiki-default/data/cache/b/b28a6ca9371c9b7ffbb6d49c15b77932.css.gz
1566227254	517143	cache	C:/xampp/htdocs/wiki-default/data/cache/b/b46b511369a24514fb533a88b4b1af18.js
1566227254	130986	cache	C:/xampp/htdocs/wiki-default/data/cache/b/b46b511369a24514fb533a88b4b1af18.js.gz
1566227254	1443	cache	C:/xampp/htdocs/wiki-default/data/cache/b/b68c4df677a3ac1eef57bd69e4de0d21.repo
1566227254	1170	cache	C:/xampp/htdocs/wiki-default/data/cache/b/b533ce4e5fda4cdb02cfb9cfe416c209.repo
1566227254	1711	cache	C:/xampp/htdocs/wiki-default/data/cache/b/b664fe591c5d52a10bb6c71b29376331.repo
1566227254	1108	cache	C:/xampp/htdocs/wiki-default/data/cache/b/b4147d618436ea891cc54ca68c3179d9.repo
1566227254	979	cache	C:/xampp/htdocs/wiki-default/data/cache/b/ba35f4e19928ffefd604d39817d3aae3.repo
1566227254	1021	cache	C:/xampp/htdocs/wiki-default/data/cache/b/ba76c821122c89e030f6c692a4187a4c.repo
1566227254	1053	cache	C:/xampp/htdocs/wiki-default/data/cache/b/bc304b0ece7c9583da4484974d610ac0.repo
1566227254	1521	cache	C:/xampp/htdocs/wiki-default/data/cache/b/bd50c4fe09eb5bf5f3513a8ffc25d759.repo
1566227254	1479	cache	C:/xampp/htdocs/wiki-default/data/cache/b/be84ce458e42c5435c24311b273ccf69.repo
1566227254	939	cache	C:/xampp/htdocs/wiki-default/data/cache/b/bebcc5ea2895905bf82067509e2ab150.repo
1566227254	1770	cache	C:/xampp/htdocs/wiki-default/data/cache/b/becd90522c0cd513fa13aea96274b340.repo
1566227254	816	cache	C:/xampp/htdocs/wiki-default/data/cache/b/bf9aceb72d383d70b05a6101e282ef54.repo
1566227254	1465	cache	C:/xampp/htdocs/wiki-default/data/cache/b/bf505dd730d75acf1381eff17cd925e3.repo
1566227254	967	cache	C:/xampp/htdocs/wiki-default/data/cache/b/bf879f4a2860af9390d248065840d353.repo
1566227254	1156	cache	C:/xampp/htdocs/wiki-default/data/cache/c/c1a360108c893c6f5f94f26bee94b0bc.repo
1566227254	1493	cache	C:/xampp/htdocs/wiki-default/data/cache/c/c1c642c747dc8b057b82b4dc17acb155.repo
1566227254	1232	cache	C:/xampp/htdocs/wiki-default/data/cache/c/c1f89d76633272a91aeb609f6824a675.repo
1566227254	132048	cache	C:/xampp/htdocs/wiki-default/data/cache/c/c2e32c04cc6c08bc2e9ac3761d259914.js
1566227254	36254	cache	C:/xampp/htdocs/wiki-default/data/cache/c/c2e32c04cc6c08bc2e9ac3761d259914.js.gz
1566227254	2156	cache	C:/xampp/htdocs/wiki-default/data/cache/c/c5a4c0771d30df48f39bea32a892fe8f.repo
1566227254	2458	cache	C:/xampp/htdocs/wiki-default/data/cache/c/c6db02a112817bdd1d96226685c27957.i
1566227254	10	cache	C:/xampp/htdocs/wiki-default/data/cache/c/c6db02a112817bdd1d96226685c27957.metadata
1566227254	1653	cache	C:/xampp/htdocs/wiki-default/data/cache/c/c6db02a112817bdd1d96226685c27957.xhtml
1566227254	550	cache	C:/xampp/htdocs/wiki-default/data/cache/c/c8aa150cbc9dc99796a1f525638a6fd9.i
1566227254	272	cache	C:/xampp/htdocs/wiki-default/data/cache/c/c8aa150cbc9dc99796a1f525638a6fd9.xhtml
1566227254	2274	cache	C:/xampp/htdocs/wiki-default/data/cache/c/c8e8fda0a29d7833b3f99811c7dc03c0.i
1566227254	847	cache	C:/xampp/htdocs/wiki-default/data/cache/c/c8e8fda0a29d7833b3f99811c7dc03c0.xhtml
1566227254	1546	cache	C:/xampp/htdocs/wiki-default/data/cache/c/c9fa4abefe1fa2e3b6eeae55978020f1.repo
1566227254	1153	cache	C:/xampp/htdocs/wiki-default/data/cache/c/c12fd27d16149f60d10e355752fb0f6f.repo
1566227254	1231	cache	C:/xampp/htdocs/wiki-default/data/cache/c/c47d91a2308069bd1989bf7e7988b22c.repo
1566227254	1248	cache	C:/xampp/htdocs/wiki-default/data/cache/c/c48e063d31a4be2ef8e7665dedf644db.repo
1566227254	939	cache	C:/xampp/htdocs/wiki-default/data/cache/c/c54a0b554ea30509f10c26ede5fed403.repo
1566227254	808	cache	C:/xampp/htdocs/wiki-default/data/cache/c/c65ad97a66af633cf62e57d4f0abbe9f.repo
1566227254	1289	cache	C:/xampp/htdocs/wiki-default/data/cache/c/c115c0cb7cdd4aeaad9c8a24fd39099d.repo
1566227254	1621	cache	C:/xampp/htdocs/wiki-default/data/cache/c/c599d9b89749a24e89dd79b1476790bb.repo
1566227254	985	cache	C:/xampp/htdocs/wiki-default/data/cache/c/c1974aefcc5a6f9e804558fc65f8ce48.repo
1566227254	1094	cache	C:/xampp/htdocs/wiki-default/data/cache/c/c475876ad0c29db937ca2cfa07f5be63.repo
1566227254	1617	cache	C:/xampp/htdocs/wiki-default/data/cache/c/c831521ca33a7a453773f40b036bcd73.repo
1566227254	1651	cache	C:/xampp/htdocs/wiki-default/data/cache/c/c4244462e8be2b136a75a9db7e396e4b.repo
1566227254	1925	cache	C:/xampp/htdocs/wiki-default/data/cache/c/ce3d99c0d3a123393e1c7c3ae0d414cf.repo
1566227254	984	cache	C:/xampp/htdocs/wiki-default/data/cache/c/cf38517dad07926cf87bb2a7b3f54e03.repo
1566227254	1294	cache	C:/xampp/htdocs/wiki-default/data/cache/d/d071d19de9de4c8914dcd3c2245dea39.repo
1566227254	1358	cache	C:/xampp/htdocs/wiki-default/data/cache/d/d7a0753f5a24a45feafba4908ccbfcbd.repo
1566227254	1394	cache	C:/xampp/htdocs/wiki-default/data/cache/d/d40b4cd931a96b35f6ac158348d974d8.repo
1566227254	1280	cache	C:/xampp/htdocs/wiki-default/data/cache/d/d217e7d383f65e2c090e28ec92b001e9.repo
1566227254	347463	cache	C:/xampp/htdocs/wiki-default/data/cache/d/d223e1439188e478349d52476506c22e.js
1566227254	99735	cache	C:/xampp/htdocs/wiki-default/data/cache/d/d223e1439188e478349d52476506c22e.js.gz
1566227254	1365	cache	C:/xampp/htdocs/wiki-default/data/cache/d/d461f09c8c44061a8c7532e416fd788c.repo
1566227254	1727	cache	C:/xampp/htdocs/wiki-default/data/cache/d/d466c90f1d4cc4147c26c6368c8ec599.repo
1566227254	1153	cache	C:/xampp/htdocs/wiki-default/data/cache/d/d696e2a490b11feb703b6f15a269ce97.repo
1566227254	1107	cache	C:/xampp/htdocs/wiki-default/data/cache/d/d4249cc085a6311735ddf7503540468e.repo
1566227254	2275	cache	C:/xampp/htdocs/wiki-default/data/cache/d/d1484694d4f2ded1c2eeebf64e64ccb1.repo
1566227254	1733	cache	C:/xampp/htdocs/wiki-default/data/cache/d/d3483225dc3d5026fe20f3470342a19c.repo
1566227254	820	cache	C:/xampp/htdocs/wiki-default/data/cache/d/d23280538a8764563647ce45dd84f87f.repo
1566227254	896	cache	C:/xampp/htdocs/wiki-default/data/cache/d/da61ce53ca1e57ed4ec51cb9a9332393.repo
1566227254	1293	cache	C:/xampp/htdocs/wiki-default/data/cache/d/db6f30e678cbf1e37197ed130af2db53.repo
1566227254	1264	cache	C:/xampp/htdocs/wiki-default/data/cache/d/db402d9bbcd898a191c59c8c62bcaa75.repo
1566227254	1000	cache	C:/xampp/htdocs/wiki-default/data/cache/d/dbee24fba15d6d2991a5814fa4263d0f.repo
1566227254	2454	cache	C:/xampp/htdocs/wiki-default/data/cache/d/de3fdb7a573162ada049296c44e81c05.i
1566227254	10	cache	C:/xampp/htdocs/wiki-default/data/cache/d/de3fdb7a573162ada049296c44e81c05.metadata
1566227254	1631	cache	C:/xampp/htdocs/wiki-default/data/cache/d/de3fdb7a573162ada049296c44e81c05.xhtml
1566227254	1061	cache	C:/xampp/htdocs/wiki-default/data/cache/e/e0b9013a60d611bbedd3c38462069a4a.repo
1566227254	1040	cache	C:/xampp/htdocs/wiki-default/data/cache/e/e04ee1a4d5c6d93ed195966fa3c400e9.repo
1566227254	1042	cache	C:/xampp/htdocs/wiki-default/data/cache/e/e074bd5fe040849833e3e0128a9f0027.repo
1566227254	1229	cache	C:/xampp/htdocs/wiki-default/data/cache/e/e080eede9929323cad60bb27a651cee0.repo
1566227254	1125	cache	C:/xampp/htdocs/wiki-default/data/cache/e/e1f75f3e2bb60993c28dd0fb18bea401.repo
1566227254	1509	cache	C:/xampp/htdocs/wiki-default/data/cache/e/e2d7ee7af2fe82ed95c9e88df66fd259.repo
1566227254	1747	cache	C:/xampp/htdocs/wiki-default/data/cache/e/e4a4b0f71d2d3aea59e7b17181d9767b.repo
1566227254	1241	cache	C:/xampp/htdocs/wiki-default/data/cache/e/e4ca2ceec198aaa843f2ac4766a85297.repo
1566227254	126632	cache	C:/xampp/htdocs/wiki-default/data/cache/e/e7ae1a099eb975f6c23bc7b25a84488e.js
1566227254	34764	cache	C:/xampp/htdocs/wiki-default/data/cache/e/e7ae1a099eb975f6c23bc7b25a84488e.js.gz
1566227254	1473	cache	C:/xampp/htdocs/wiki-default/data/cache/e/e7ae9e2a24e492e5ed05c5b295c50220.repo
1566227254	995	cache	C:/xampp/htdocs/wiki-default/data/cache/e/e9b33b047b81d5630b9b4bcce54a5c38.repo
1566227254	1519	cache	C:/xampp/htdocs/wiki-default/data/cache/e/e9e9b7a73805a15d33eb0aec52008f2b.repo
1566227254	1063	cache	C:/xampp/htdocs/wiki-default/data/cache/e/e17e3b161a590be05346519e4495ab80.repo
1566227254	1379	cache	C:/xampp/htdocs/wiki-default/data/cache/e/e30dbbb6202452a300da1570298a6c84.repo
1566227254	1831	cache	C:/xampp/htdocs/wiki-default/data/cache/e/e66c497552dcc546cfd6997dfe7f8028.repo
1566227254	866	cache	C:/xampp/htdocs/wiki-default/data/cache/e/e239e9cf4bff9d948f052f14447d727c.repo
1566227254	850	cache	C:/xampp/htdocs/wiki-default/data/cache/e/e335d71aa2dd913ffbc2c5c02d6288b7.repo
1566227254	1967	cache	C:/xampp/htdocs/wiki-default/data/cache/e/e876d008a83a36c7c9b934e7833227c5.repo
1566227254	784	cache	C:/xampp/htdocs/wiki-default/data/cache/e/e9896c45af148e3c3d2f62a0a172a8ac.repo
1566227254	752	cache	C:/xampp/htdocs/wiki-default/data/cache/e/e47579a6e00128e49d0bd6f08eca28b3.repo
1566227254	1824	cache	C:/xampp/htdocs/wiki-default/data/cache/e/e306589666dd1f54b5a285d988974a1c.repo
1566227254	910	cache	C:/xampp/htdocs/wiki-default/data/cache/e/ea77a2d37788493b613d940bad52baed.repo
1566227254	911	cache	C:/xampp/htdocs/wiki-default/data/cache/e/ea2426bc135c12c4ae802b3e241a87dd.repo
1566227254	998	cache	C:/xampp/htdocs/wiki-default/data/cache/e/ea67321afe1b86716af9adc30c638fd5.repo
1566227254	126632	cache	C:/xampp/htdocs/wiki-default/data/cache/e/eb5d9d73fa1a2d1393d849dd85c3582d.js
1566227254	34764	cache	C:/xampp/htdocs/wiki-default/data/cache/e/eb5d9d73fa1a2d1393d849dd85c3582d.js.gz
1566227254	1251	cache	C:/xampp/htdocs/wiki-default/data/cache/e/ebc214761ac8f2ecf2c15fe34fcbc443.repo
1566227254	1013	cache	C:/xampp/htdocs/wiki-default/data/cache/e/ebf438dea6cdc022e5b87f4ebf3e9598.repo
1566227254	188303	cache	C:/xampp/htdocs/wiki-default/data/cache/e/ecd75f1d5febf98cfcc773a3436b2a9c.css
1566227254	41515	cache	C:/xampp/htdocs/wiki-default/data/cache/e/ecd75f1d5febf98cfcc773a3436b2a9c.css.gz
1566227254	1022	cache	C:/xampp/htdocs/wiki-default/data/cache/e/ed72f85ec50c7cb82b027ea7d7d87490.repo
1566227254	842	cache	C:/xampp/htdocs/wiki-default/data/cache/e/ee8f936a4f732b2c9952ed106c4e458f.repo
1566227254	1177	cache	C:/xampp/htdocs/wiki-default/data/cache/e/eeaa2850a76d603d04e29c1f867309ed.repo
1566227254	1816	cache	C:/xampp/htdocs/wiki-default/data/cache/e/eeaf37a8ad62e4d2a8c62dc6db8b0349.repo
1566227254	0	cache	C:/xampp/htdocs/wiki-default/data/cache/e/efdb0e1acdbc9a9d291268f0f6cac386.updmsg
1566227254	1100	cache	C:/xampp/htdocs/wiki-default/data/cache/e/efe15c68a2a510313c830e5c4f59820c.repo
1566227254	1280	cache	C:/xampp/htdocs/wiki-default/data/cache/f/f04f5cc2c1cb3dc422d0dff845fdcbd7.repo
1566227254	1127	cache	C:/xampp/htdocs/wiki-default/data/cache/f/f0867c621d9714a19afddb8c5fdec2c9.repo
1566227254	1564	cache	C:/xampp/htdocs/wiki-default/data/cache/f/f5e0461d168d6b43a0e64b1fffbbb178.repo
1566227254	1671	cache	C:/xampp/htdocs/wiki-default/data/cache/f/f6f9684dbf62b994a030a1809d61831d.repo
1566227254	1563	cache	C:/xampp/htdocs/wiki-default/data/cache/f/f7b834d60e99a2022a016029035fc580.repo
1566227254	2028	cache	C:/xampp/htdocs/wiki-default/data/cache/f/f9d6f4fc20d7020cd17efd7735cbc6ff.repo
1566227254	312	cache	C:/xampp/htdocs/wiki-default/data/cache/f/f63e3f2b3041207653fbaab23642c9b2.i
1566227254	91	cache	C:/xampp/htdocs/wiki-default/data/cache/f/f63e3f2b3041207653fbaab23642c9b2.xhtml
1566227254	2274	cache	C:/xampp/htdocs/wiki-default/data/cache/f/f922e2b382f4d03bf8d7d93030222060.i
1566227254	847	cache	C:/xampp/htdocs/wiki-default/data/cache/f/f922e2b382f4d03bf8d7d93030222060.xhtml
1566227254	1080	cache	C:/xampp/htdocs/wiki-default/data/cache/f/f1884c78e0db0de4f4a4603b31065ec8.repo
1566227254	1686	cache	C:/xampp/htdocs/wiki-default/data/cache/f/f3709419cb061ee6962af80f51d33ea9.repo
1566227254	848	cache	C:/xampp/htdocs/wiki-default/data/cache/f/fa00553def9b78f8354ddf6dd3c3ab9a.repo
1566227254	1002	cache	C:/xampp/htdocs/wiki-default/data/cache/f/fa7a22ab70e7a34373711af8e65debd4.repo
1566227254	1033	cache	C:/xampp/htdocs/wiki-default/data/cache/f/fb5b11031943f90326fa839f603c2dd5.repo
1566227254	1208	cache	C:/xampp/htdocs/wiki-default/data/cache/f/fb6a13c4bec70d4311c3af6a7011284c.repo
1566227254	1005	cache	C:/xampp/htdocs/wiki-default/data/cache/f/fcfba2614beab28f69ebe13ccfc6477b.repo
1566227254	10	cache	C:/xampp/htdocs/wiki-default/data/cache/f/fd1fbef7fd0ed461aa277b7c1ae785b8.metadata
1566227254	883	cache	C:/xampp/htdocs/wiki-default/data/cache/f/fd53cdc1f3128b234779e45f2dddda58.repo
1566227254	1278	cache	C:/xampp/htdocs/wiki-default/data/cache/f/fdc477eaf2f3e2223a0c0389eb2a0130.repo
1566227254	1911	cache	C:/xampp/htdocs/wiki-default/data/cache/f/ff476ba4c20a76f3703934d62c407959.repo
1566227254	1200	cache	C:/xampp/htdocs/wiki-default/data/cache/f/ffaecc634ba83e47dbe77b1ff99b783c.repo
1566228535	924	cache	C:/xampp/htdocs/wiki-default/data/cache/0/0b0675571669dd255406ca057870582c.repo
1566228535	1459	cache	C:/xampp/htdocs/wiki-default/data/cache/0/0dc9fcbbadae8cc663469e02df592ab4.repo
1566228535	976	cache	C:/xampp/htdocs/wiki-default/data/cache/0/0f43e327ef16d35c1342a8351c3ac07a.repo
1566228535	538	cache	C:/xampp/htdocs/wiki-default/data/cache/0/02e8a5ddea43b9b250dc5741aeb89189.i
1566228535	178	cache	C:/xampp/htdocs/wiki-default/data/cache/0/02e8a5ddea43b9b250dc5741aeb89189.xhtml
1566228535	1929	cache	C:/xampp/htdocs/wiki-default/data/cache/0/02047e9d5a77c5b6c515becb3e2f9e8b.i
1566228535	971	cache	C:/xampp/htdocs/wiki-default/data/cache/0/02047e9d5a77c5b6c515becb3e2f9e8b.xhtml
1566228535	1450	cache	C:/xampp/htdocs/wiki-default/data/cache/0/056918c0513fed5e55775e36f34ce45e.repo
1566228535	862	cache	C:/xampp/htdocs/wiki-default/data/cache/0/06f1c8b494d6dee1ac2ebb51cdf82481.repo
1566228535	1398	cache	C:/xampp/htdocs/wiki-default/data/cache/0/084e14e69c7caf1188022874707efd6b.repo
1566228535	735	cache	C:/xampp/htdocs/wiki-default/data/cache/0/0961bd41eec637e16b6eaac9bc0caeb4.repo
1566228535	979	cache	C:/xampp/htdocs/wiki-default/data/cache/1/1bca2b02f6bcce8d37e28c6d1ca025c0.repo
1566228535	821	cache	C:/xampp/htdocs/wiki-default/data/cache/1/1c7f9907d45662944189027bbe549aec.repo
1566228535	870	cache	C:/xampp/htdocs/wiki-default/data/cache/1/1ce0603a534e8ccc96b3f745e9ecf6fb.repo
1566228535	1748	cache	C:/xampp/htdocs/wiki-default/data/cache/1/116a7577274ac7166216648962acbb58.repo
1566228535	1	cache	C:/xampp/htdocs/wiki-default/data/cache/1/1469962819df7fe11f923a97631533e8.repo
1566228535	544354	cache	C:/xampp/htdocs/wiki-default/data/cache/2/2a3743ddee30340806aef910db16f2cd.js
1566228535	137463	cache	C:/xampp/htdocs/wiki-default/data/cache/2/2a3743ddee30340806aef910db16f2cd.js.gz
1566228535	931	cache	C:/xampp/htdocs/wiki-default/data/cache/2/23b8cb5e47e845f90d290ce1bea592b6.repo
1566228535	921	cache	C:/xampp/htdocs/wiki-default/data/cache/2/259a866e689091638e28be1baaad6ca5.repo
1566228535	1636	cache	C:/xampp/htdocs/wiki-default/data/cache/2/2965b19138221d16f81412ae1db74ad7.repo
1566228535	982	cache	C:/xampp/htdocs/wiki-default/data/cache/2/24465cbfb20e99b8bb7ebcf2b1353104.repo
1566228535	2	cache	C:/xampp/htdocs/wiki-default/data/cache/2/21567405a4a46d2d77602a6db0cd1893.repo
1566228536	1094	cache	C:/xampp/htdocs/wiki-default/data/cache/3/3bcf026bc3349d2fcf066632a015ac09.repo
1566228536	1532	cache	C:/xampp/htdocs/wiki-default/data/cache/3/38f14de7e3dd6eb938c16be332980cc3.i
1566228536	10	cache	C:/xampp/htdocs/wiki-default/data/cache/3/38f14de7e3dd6eb938c16be332980cc3.metadata
1566228536	837	cache	C:/xampp/htdocs/wiki-default/data/cache/3/38f14de7e3dd6eb938c16be332980cc3.xhtml
1566228536	894	cache	C:/xampp/htdocs/wiki-default/data/cache/3/321e4160bda4700a9c2478d55191cab8.repo
1566228536	1203	cache	C:/xampp/htdocs/wiki-default/data/cache/3/340a2eb9a3f4a5e53198e21c0e09c94a.repo
1566228536	961	cache	C:/xampp/htdocs/wiki-default/data/cache/3/30037c6ab9cb40777b111d6eb1b27bf3.repo
1566228536	1164	cache	C:/xampp/htdocs/wiki-default/data/cache/4/4e9abc25e039c65a3811134fd13aea32.repo
1566228536	2245	cache	C:/xampp/htdocs/wiki-default/data/cache/4/41d0c7dc9c492dda0cce4fb8c4bcbcff.repo
1566228536	810	cache	C:/xampp/htdocs/wiki-default/data/cache/4/434660e9656a87c5c8460d4d638d2b5a.repo
1566228536	797	cache	C:/xampp/htdocs/wiki-default/data/cache/5/5a763fc03cde0c071a74d10469052728.repo
1566228536	789	cache	C:/xampp/htdocs/wiki-default/data/cache/5/5b5abd5579140fe0524a8f256d76c657.repo
1566228536	3016	cache	C:/xampp/htdocs/wiki-default/data/cache/5/5c8380755b860954236ff5213a2bccf3.repo
1566228536	544354	cache	C:/xampp/htdocs/wiki-default/data/cache/5/5cfb174096fb2bc9e58507e9ba531818.js
1566228536	137463	cache	C:/xampp/htdocs/wiki-default/data/cache/5/5cfb174096fb2bc9e58507e9ba531818.js.gz
1566228536	916	cache	C:/xampp/htdocs/wiki-default/data/cache/5/5d4b6f29ac62ec1471bf112b169521b5.i
1566228536	387	cache	C:/xampp/htdocs/wiki-default/data/cache/5/5d4b6f29ac62ec1471bf112b169521b5.xhtml
1566228536	858	cache	C:/xampp/htdocs/wiki-default/data/cache/5/50f5645851c6c428431bb5259507a9fc.repo
1566228536	971	cache	C:/xampp/htdocs/wiki-default/data/cache/6/6b1a463d806434543409ed444b4207f2.repo
1566228536	946	cache	C:/xampp/htdocs/wiki-default/data/cache/6/6ecfe4aba4289b0745c253e3d87ab3da.repo
1566228536	1153	cache	C:/xampp/htdocs/wiki-default/data/cache/6/69b653c8779fa1988528fef845665332.repo
1566228536	1690	cache	C:/xampp/htdocs/wiki-default/data/cache/6/681f689939815c661f786b0b10440272.repo
1566228536	1077	cache	C:/xampp/htdocs/wiki-default/data/cache/7/7abdd96cb42d628bbd73c8d45bb88b0a.repo
1566228536	1292	cache	C:/xampp/htdocs/wiki-default/data/cache/7/7e13b787d77c51a414b3694f5521cc38.repo
1566228536	1061	cache	C:/xampp/htdocs/wiki-default/data/cache/7/76d7c5334efbee941c9dd40001202834.repo
1566228536	1438	cache	C:/xampp/htdocs/wiki-default/data/cache/7/751602cd1d8a6306cdee6993e09ca432.repo
1566228536	1095	cache	C:/xampp/htdocs/wiki-default/data/cache/8/8f647e1d494d2e5802f73dee93fa4e43.repo
1566228536	998	cache	C:/xampp/htdocs/wiki-default/data/cache/8/81c5813618b00dfa7c5bc66a627dcf73.repo
1566228536	1274	cache	C:/xampp/htdocs/wiki-default/data/cache/8/81dd686c2041e3d49fc63da21a2d526d.repo
1566228536	1399	cache	C:/xampp/htdocs/wiki-default/data/cache/8/87cf663aab5f1e00b0e597528e0e38a9.repo
1566228536	1360	cache	C:/xampp/htdocs/wiki-default/data/cache/8/89b48b8d2c09bad12bd7f4fa89775c58.repo
1566228536	1097	cache	C:/xampp/htdocs/wiki-default/data/cache/8/8913a948964cd9b878442107034c2fb4.repo
1566228536	1112	cache	C:/xampp/htdocs/wiki-default/data/cache/8/80248a6ecbdd89e4ff4ae798aa23df8a.i
1566228536	583	cache	C:/xampp/htdocs/wiki-default/data/cache/8/80248a6ecbdd89e4ff4ae798aa23df8a.xhtml
1566228536	1134	cache	C:/xampp/htdocs/wiki-default/data/cache/9/9bffeaf100cbec7a085598fe0de88e8a.repo
1566228536	1219	cache	C:/xampp/htdocs/wiki-default/data/cache/9/9ca209a9253182177ac0c2df79403d8b.repo
1566228536	484	cache	C:/xampp/htdocs/wiki-default/data/cache/9/9f362ca7a2c383b57921c06847ac2ae9.i
1566228536	240	cache	C:/xampp/htdocs/wiki-default/data/cache/9/9f362ca7a2c383b57921c06847ac2ae9.xhtml
1566228536	4921	cache	C:/xampp/htdocs/wiki-default/data/cache/9/91dc47e7167840ac4e6df2bdb478f34f.i
1566228536	10	cache	C:/xampp/htdocs/wiki-default/data/cache/9/91dc47e7167840ac4e6df2bdb478f34f.metadata
1566228536	3502	cache	C:/xampp/htdocs/wiki-default/data/cache/9/91dc47e7167840ac4e6df2bdb478f34f.xhtml
1566228536	1102	cache	C:/xampp/htdocs/wiki-default/data/cache/9/907c729b504517e8b66a3612ffc1efff.repo
1566228536	1790	cache	C:/xampp/htdocs/wiki-default/data/cache/a/a7b249fa4831f8e6ebd68286626d4f30.repo
1566228536	949	cache	C:/xampp/htdocs/wiki-default/data/cache/a/a9c29059931418aa1f5b6433350884f8.repo
1566228536	1255	cache	C:/xampp/htdocs/wiki-default/data/cache/a/a22a1abc0f1cd20877c369e6efe82af3.repo
1566228536	1590	cache	C:/xampp/htdocs/wiki-default/data/cache/a/a876db14dbc3d5632b8ffe4c60185f24.repo
1566228536	970	cache	C:/xampp/htdocs/wiki-default/data/cache/a/a4774976da87d6556f90618fdd238326.repo
1566228536	318	cache	C:/xampp/htdocs/wiki-default/data/cache/a/ada314d23159cb6de7d33d9876e1f6a7.i
1566228536	103	cache	C:/xampp/htdocs/wiki-default/data/cache/a/ada314d23159cb6de7d33d9876e1f6a7.xhtml
1566228536	1833	cache	C:/xampp/htdocs/wiki-default/data/cache/b/b3b1fbae4965b23700a67c84f7be245b.repo
1566228536	1108	cache	C:/xampp/htdocs/wiki-default/data/cache/b/b4147d618436ea891cc54ca68c3179d9.repo
1566228536	979	cache	C:/xampp/htdocs/wiki-default/data/cache/b/ba35f4e19928ffefd604d39817d3aae3.repo
1566228536	1021	cache	C:/xampp/htdocs/wiki-default/data/cache/b/ba76c821122c89e030f6c692a4187a4c.repo
1566228536	939	cache	C:/xampp/htdocs/wiki-default/data/cache/b/bebcc5ea2895905bf82067509e2ab150.repo
1566228536	1456	cache	C:/xampp/htdocs/wiki-default/data/cache/c/c1c642c747dc8b057b82b4dc17acb155.repo
1566228536	1194	cache	C:/xampp/htdocs/wiki-default/data/cache/c/c47d91a2308069bd1989bf7e7988b22c.repo
1566228536	808	cache	C:/xampp/htdocs/wiki-default/data/cache/c/c65ad97a66af633cf62e57d4f0abbe9f.repo
1566228536	188303	cache	C:/xampp/htdocs/wiki-default/data/cache/c/c83a7281027a3ff7ed10ebefd0d1fc01.css
1566228536	41515	cache	C:/xampp/htdocs/wiki-default/data/cache/c/c83a7281027a3ff7ed10ebefd0d1fc01.css.gz
1566228536	985	cache	C:/xampp/htdocs/wiki-default/data/cache/c/c1974aefcc5a6f9e804558fc65f8ce48.repo
1566228536	1094	cache	C:/xampp/htdocs/wiki-default/data/cache/c/c475876ad0c29db937ca2cfa07f5be63.repo
1566228536	1651	cache	C:/xampp/htdocs/wiki-default/data/cache/c/c4244462e8be2b136a75a9db7e396e4b.repo
1566228536	984	cache	C:/xampp/htdocs/wiki-default/data/cache/c/cf38517dad07926cf87bb2a7b3f54e03.repo
1566228536	1358	cache	C:/xampp/htdocs/wiki-default/data/cache/d/d7a0753f5a24a45feafba4908ccbfcbd.repo
1566228536	347463	cache	C:/xampp/htdocs/wiki-default/data/cache/d/d223e1439188e478349d52476506c22e.js
1566228536	99735	cache	C:/xampp/htdocs/wiki-default/data/cache/d/d223e1439188e478349d52476506c22e.js.gz
1566228536	1733	cache	C:/xampp/htdocs/wiki-default/data/cache/d/d3483225dc3d5026fe20f3470342a19c.repo
1566228536	820	cache	C:/xampp/htdocs/wiki-default/data/cache/d/d23280538a8764563647ce45dd84f87f.repo
1566228536	995	cache	C:/xampp/htdocs/wiki-default/data/cache/e/e9b33b047b81d5630b9b4bcce54a5c38.repo
1566228536	1063	cache	C:/xampp/htdocs/wiki-default/data/cache/e/e17e3b161a590be05346519e4495ab80.repo
1566228536	842	cache	C:/xampp/htdocs/wiki-default/data/cache/e/ee8f936a4f732b2c9952ed106c4e458f.repo
1566228536	0	cache	C:/xampp/htdocs/wiki-default/data/cache/e/efdb0e1acdbc9a9d291268f0f6cac386.updmsg
1566228536	1002	cache	C:/xampp/htdocs/wiki-default/data/cache/f/fa7a22ab70e7a34373711af8e65debd4.repo
1566228536	1005	cache	C:/xampp/htdocs/wiki-default/data/cache/f/fcfba2614beab28f69ebe13ccfc6477b.repo
1566228536	792	cache	C:/xampp/htdocs/wiki-default/data/cache/f/fd1fbef7fd0ed461aa277b7c1ae785b8.i
